{
  "RSpec": {
    "coverage": {
      "/Users/jonathanbarcus/dev/wdi/my_boro/config/environment.rb": [
        null,
        1,
        null,
        null,
        1
      ],
      "/Users/jonathanbarcus/dev/wdi/my_boro/config/application.rb": [
        1,
        null,
        1,
        null,
        null,
        null,
        1,
        null,
        1,
        1,
        null,
        null,
        null,
        null,
        null,
        null,
        null,
        null,
        null,
        null,
        null,
        null,
        null
      ],
      "/Users/jonathanbarcus/dev/wdi/my_boro/config/boot.rb": [
        null,
        1,
        null,
        1
      ],
      "/Users/jonathanbarcus/dev/wdi/my_boro/config/environments/test.rb": [
        1,
        null,
        null,
        null,
        null,
        null,
        null,
        1,
        null,
        null,
        null,
        null,
        1,
        null,
        null,
        1,
        1,
        null,
        null,
        1,
        1,
        null,
        null,
        1,
        null,
        null,
        1,
        null,
        null,
        null,
        null,
        1,
        null,
        null,
        1,
        null,
        null,
        null,
        null
      ],
      "/Users/jonathanbarcus/dev/wdi/my_boro/config/initializers/backtrace_silencers.rb": [
        null,
        null,
        null,
        null,
        null,
        null,
        null
      ],
      "/Users/jonathanbarcus/dev/wdi/my_boro/config/initializers/cookies_serializer.rb": [
        null,
        null,
        1
      ],
      "/Users/jonathanbarcus/dev/wdi/my_boro/config/initializers/filter_parameter_logging.rb": [
        null,
        null,
        null,
        1
      ],
      "/Users/jonathanbarcus/dev/wdi/my_boro/config/initializers/inflections.rb": [
        null,
        null,
        null,
        null,
        null,
        null,
        null,
        null,
        null,
        null,
        null,
        null,
        null,
        null,
        null,
        null
      ],
      "/Users/jonathanbarcus/dev/wdi/my_boro/config/initializers/mime_types.rb": [
        null,
        null,
        null,
        null
      ],
      "/Users/jonathanbarcus/dev/wdi/my_boro/config/initializers/session_store.rb": [
        null,
        null,
        1
      ],
      "/Users/jonathanbarcus/dev/wdi/my_boro/config/initializers/wrap_parameters.rb": [
        null,
        null,
        null,
        null,
        null,
        null,
        1,
        1,
        null,
        null,
        null,
        null,
        null,
        null
      ],
      "/Users/jonathanbarcus/dev/wdi/my_boro/config/routes.rb": [
        1,
        null,
        null,
        null,
        null,
        null,
        null,
        null,
        null,
        null,
        null,
        null,
        null,
        null,
        null,
        null,
        null,
        null,
        null,
        null,
        null,
        null,
        null,
        null,
        null,
        null,
        null,
        null,
        null,
        null,
        null,
        null,
        null,
        null,
        null,
        null,
        null,
        null,
        null,
        null,
        null,
        null,
        null,
        null,
        null,
        null,
        null,
        null,
        null,
        null,
        null,
        null,
        null,
        null,
        null,
        null
      ],
      "/Users/jonathanbarcus/dev/wdi/my_boro/app/helpers/application_helper.rb": [
        1,
        null
      ],
      "/Users/jonathanbarcus/dev/wdi/my_boro/app/models/news.rb": [
        1,
        null,
        1,
        null,
        null,
        1,
        null,
        null,
        null,
        null,
        null,
        null,
        null,
        1,
        null,
        null,
        null,
        null,
        null,
        null,
        null,
        1,
        null,
        null,
        1,
        null,
        1,
        null,
        null,
        null,
        null,
        1,
        null,
        null,
        null,
        null,
        5,
        5,
        null,
        null,
        null,
        1,
        null,
        null,
        null,
        null,
        null,
        null,
        null,
        null,
        1,
        null,
        0,
        0,
        null,
        0,
        0,
        0,
        null,
        null,
        null,
        0,
        null,
        null,
        null,
        null,
        null
      ]
    },
    "timestamp": 1398717092
  }
}
