{
  "RSpec": {
    "coverage": {
      "/Users/jonathanbarcus/dev/wdi/my_boro/config/environment.rb": [
        null,
        1,
        null,
        null,
        1
      ],
      "/Users/jonathanbarcus/dev/wdi/my_boro/config/application.rb": [
        1,
        null,
        1,
        null,
        null,
        null,
        1,
        null,
        1,
        1,
        null,
        null,
        null,
        null,
        null,
        null,
        null,
        null,
        null,
        null,
        null,
        null,
        null
      ],
      "/Users/jonathanbarcus/dev/wdi/my_boro/config/boot.rb": [
        null,
        1,
        null,
        1
      ],
      "/Users/jonathanbarcus/dev/wdi/my_boro/config/environments/test.rb": [
        1,
        null,
        null,
        null,
        null,
        null,
        null,
        1,
        null,
        null,
        null,
        null,
        1,
        null,
        null,
        1,
        1,
        null,
        null,
        1,
        1,
        null,
        null,
        1,
        null,
        null,
        1,
        null,
        null,
        null,
        null,
        1,
        null,
        null,
        1,
        null,
        null,
        null,
        null
      ],
      "/Users/jonathanbarcus/dev/wdi/my_boro/config/initializers/backtrace_silencers.rb": [
        null,
        null,
        null,
        null,
        null,
        null,
        null
      ],
      "/Users/jonathanbarcus/dev/wdi/my_boro/config/initializers/cookies_serializer.rb": [
        null,
        null,
        1
      ],
      "/Users/jonathanbarcus/dev/wdi/my_boro/config/initializers/filter_parameter_logging.rb": [
        null,
        null,
        null,
        1
      ],
      "/Users/jonathanbarcus/dev/wdi/my_boro/config/initializers/inflections.rb": [
        null,
        null,
        null,
        null,
        null,
        null,
        null,
        null,
        null,
        null,
        null,
        null,
        null,
        null,
        null,
        null
      ],
      "/Users/jonathanbarcus/dev/wdi/my_boro/config/initializers/mime_types.rb": [
        null,
        null,
        null,
        null
      ],
      "/Users/jonathanbarcus/dev/wdi/my_boro/config/initializers/session_store.rb": [
        null,
        null,
        1
      ],
      "/Users/jonathanbarcus/dev/wdi/my_boro/config/initializers/wrap_parameters.rb": [
        null,
        null,
        null,
        null,
        null,
        null,
        1,
        1,
        null,
        null,
        null,
        null,
        null,
        null
      ],
      "/Users/jonathanbarcus/dev/wdi/my_boro/config/routes.rb": [
        1,
        null,
        1,
        null,
        1,
        1,
        null,
        null,
        null,
        null
      ],
      "/Users/jonathanbarcus/dev/wdi/my_boro/app/helpers/application_helper.rb": [
        1,
        null
      ],
      "/Users/jonathanbarcus/dev/wdi/my_boro/lib/scrapers/news_api.rb": [
        1,
        null,
        1,
        null,
        null,
        5,
        null,
        null,
        null,
        null,
        null,
        null,
        null,
        5,
        null,
        null,
        null,
        null,
        null,
        null,
        null,
        1,
        null,
        null,
        2,
        null,
        2,
        null,
        null,
        null,
        null,
        2,
        null,
        null,
        null,
        null,
        10,
        10,
        null,
        null,
        null,
        2,
        null,
        null,
        null,
        null,
        null,
        null,
        null,
        null,
        1,
        null,
        3,
        3,
        null,
        3,
        15,
        15,
        null,
        null,
        null,
        3,
        null,
        null,
        null,
        null,
        null
      ],
      "/Users/jonathanbarcus/dev/wdi/my_boro/spec/scrapers/restaurant_spec.rb": [
        1,
        1,
        null,
        1,
        4,
        2,
        null,
        1,
        null,
        1,
        1,
        null,
        null,
        1,
        1,
        null,
        null,
        null,
        null,
        1,
        null,
        1,
        1,
        null,
        null,
        1,
        1,
        1,
        null,
        null,
        null,
        null,
        null,
        null,
        null,
        null
      ],
      "/Users/jonathanbarcus/dev/wdi/my_boro/lib/scrapers/restaurant_api.rb": [
        null,
        null,
        null,
        null,
        1,
        null,
        null,
        null,
        1,
        null,
        null,
        null,
        null,
        null,
        null,
        4,
        3,
        3,
        null,
        1,
        1,
        1,
        null,
        null,
        null,
        null,
        4,
        4,
        null,
        null,
        null,
        4,
        44,
        44,
        null,
        null,
        null,
        null,
        null,
        null,
        1,
        2,
        2,
        2,
        20,
        20,
        null,
        null,
        2,
        null,
        null,
        null,
        null,
        null,
        1,
        0,
        0,
        0,
        0,
        0,
        null,
        null,
        0,
        null,
        null,
        null,
        null,
        null,
        1,
        0,
        0,
        0,
        0,
        0,
        null,
        null,
        0,
        null,
        null,
        null,
        null,
        null,
        null,
        null,
        null,
        null,
        null,
        null,
        null,
        null,
        null
      ],
      "/Users/jonathanbarcus/dev/wdi/my_boro/spec/weather_spec.rb": [
        1,
        1,
        null,
        1,
        null,
        7,
        null,
        1,
        null,
        1,
        1,
        null,
        null,
        null,
        null,
        1,
        null,
        1,
        1,
        null,
        null,
        null,
        null,
        1,
        null,
        1,
        1,
        null,
        null,
        1,
        1,
        null,
        null,
        null,
        null,
        1,
        null,
        1,
        1,
        null,
        null,
        1,
        1,
        null,
        null,
        null,
        null,
        null,
        null
      ],
      "/Users/jonathanbarcus/dev/wdi/my_boro/lib/scrapers/weather_api.rb": [
        1,
        null,
        null,
        1,
        null,
        null,
        6,
        null,
        null,
        null,
        null,
        6,
        null,
        null,
        null,
        null,
        1,
        null,
        1,
        null,
        1,
        null,
        null,
        null,
        null,
        null,
        1,
        1,
        null,
        1,
        null,
        null,
        null,
        1,
        2,
        null,
        2,
        null,
        null,
        null,
        null,
        null,
        1,
        2,
        null,
        2,
        null,
        null,
        null,
        null,
        null
      ]
    },
    "timestamp": 1398795137
  }
}
